2019-04-23 22:50:36  Message [Extension loading error]
					 Exception [org.eclipse.birt.report.model.metadata.MetaDataException: Message:Duplicate style names when adding the predefined style [chart] to the meta-data dictionary. Error code:DUPLICATE_STYLE_NAME 
	at org.eclipse.birt.report.model.metadata.MetaDataDictionary.addPredefinedStyle(MetaDataDictionary.java:652)
	at org.eclipse.birt.report.model.metadata.PeerExtensionLoader$PeerExtensionElementLoader.loadElement(PeerExtensionLoader.java:288)
	at org.eclipse.birt.report.model.metadata.PeerExtensionLoader.loadExtension(PeerExtensionLoader.java:113)
	at org.eclipse.birt.report.model.metadata.ExtensionLoader.doLoad(ExtensionLoader.java:150)
	at org.eclipse.birt.report.model.metadata.PeerExtensionLoader.doLoad(PeerExtensionLoader.java:65)
	at org.eclipse.birt.report.model.metadata.ExtensionLoader.load(ExtensionLoader.java:71)
	at org.eclipse.birt.report.model.metadata.ExtensionManagerImpl.initialize(ExtensionManagerImpl.java:100)
	at org.eclipse.birt.report.model.metadata.MetaDataDictionary.initialize(MetaDataDictionary.java:573)
	at org.eclipse.birt.report.model.api.impl.DesignEngineImpl.ensureInitialized(DesignEngineImpl.java:96)
	at org.eclipse.birt.report.model.api.impl.DesignEngineImpl.<init>(DesignEngineImpl.java:63)
	at org.eclipse.birt.report.model.api.impl.DesignEngineFactory.createDesignEngine(DesignEngineFactory.java:34)
	at org.eclipse.birt.report.model.api.DesignEngine.<init>(DesignEngine.java:98)
	at org.eclipse.birt.report.engine.parser.ReportParser.getDesignHandle(ReportParser.java:142)
	at org.eclipse.birt.report.engine.api.impl.ReportEngineHelper.getReportDesignHandle(ReportEngineHelper.java:255)
	at org.eclipse.birt.report.engine.api.impl.ReportEngineHelper.openReportDesign(ReportEngineHelper.java:274)
	at org.eclipse.birt.report.engine.api.impl.ReportEngineHelper.openReportDesign(ReportEngineHelper.java:196)
	at org.eclipse.birt.report.engine.api.impl.ReportEngineHelper.openReportDesign(ReportEngineHelper.java:130)
	at org.eclipse.birt.report.engine.api.impl.ReportEngine.openReportDesign(ReportEngine.java:313)
	at executeReportV2.executeReport(executeReportV2.java:34)
	at printVersion$2.mouseClicked(printVersion.java:58)
	at java.awt.AWTEventMulticaster.mouseClicked(Unknown Source)
	at java.awt.Component.processMouseEvent(Unknown Source)
	at javax.swing.JComponent.processMouseEvent(Unknown Source)
	at java.awt.Component.processEvent(Unknown Source)
	at java.awt.Container.processEvent(Unknown Source)
	at java.awt.Component.dispatchEventImpl(Unknown Source)
	at java.awt.Container.dispatchEventImpl(Unknown Source)
	at java.awt.Component.dispatchEvent(Unknown Source)
	at java.awt.LightweightDispatcher.retargetMouseEvent(Unknown Source)
	at java.awt.LightweightDispatcher.processMouseEvent(Unknown Source)
	at java.awt.LightweightDispatcher.dispatchEvent(Unknown Source)
	at java.awt.Container.dispatchEventImpl(Unknown Source)
	at java.awt.Window.dispatchEventImpl(Unknown Source)
	at java.awt.Component.dispatchEvent(Unknown Source)
	at java.awt.EventQueue.dispatchEventImpl(Unknown Source)
	at java.awt.EventQueue.access$500(Unknown Source)
	at java.awt.EventQueue$3.run(Unknown Source)
	at java.awt.EventQueue$3.run(Unknown Source)
	at java.security.AccessController.doPrivileged(Native Method)
	at java.security.ProtectionDomain$JavaSecurityAccessImpl.doIntersectionPrivilege(Unknown Source)
	at java.security.ProtectionDomain$JavaSecurityAccessImpl.doIntersectionPrivilege(Unknown Source)
	at java.awt.EventQueue$4.run(Unknown Source)
	at java.awt.EventQueue$4.run(Unknown Source)
	at java.security.AccessController.doPrivileged(Native Method)
	at java.security.ProtectionDomain$JavaSecurityAccessImpl.doIntersectionPrivilege(Unknown Source)
	at java.awt.EventQueue.dispatchEvent(Unknown Source)
	at java.awt.EventDispatchThread.pumpOneEventForFilters(Unknown Source)
	at java.awt.EventDispatchThread.pumpEventsForFilter(Unknown Source)
	at java.awt.EventDispatchThread.pumpEventsForHierarchy(Unknown Source)
	at java.awt.EventDispatchThread.pumpEvents(Unknown Source)
	at java.awt.EventDispatchThread.pumpEvents(Unknown Source)
	at java.awt.EventDispatchThread.run(Unknown Source)
]
2019-04-23 22:50:36  Message [Extension loading error]
					 Exception [org.eclipse.birt.report.model.metadata.MetaDataException: Message:Duplicate extension name when adding the extension [Chart] to the meta-data dictionary. Error code:DUPLICATE_EXTENSION_NAME 
	at org.eclipse.birt.report.model.metadata.ExtensionManagerImpl.addExtension(ExtensionManagerImpl.java:171)
	at org.eclipse.birt.report.model.metadata.MetaDataDictionary.addExtension(MetaDataDictionary.java:910)
	at org.eclipse.birt.report.model.metadata.PeerExtensionLoader$PeerExtensionElementLoader.loadElement(PeerExtensionLoader.java:318)
	at org.eclipse.birt.report.model.metadata.PeerExtensionLoader.loadExtension(PeerExtensionLoader.java:113)
	at org.eclipse.birt.report.model.metadata.ExtensionLoader.doLoad(ExtensionLoader.java:150)
	at org.eclipse.birt.report.model.metadata.PeerExtensionLoader.doLoad(PeerExtensionLoader.java:65)
	at org.eclipse.birt.report.model.metadata.ExtensionLoader.load(ExtensionLoader.java:71)
	at org.eclipse.birt.report.model.metadata.ExtensionManagerImpl.initialize(ExtensionManagerImpl.java:100)
	at org.eclipse.birt.report.model.metadata.MetaDataDictionary.initialize(MetaDataDictionary.java:573)
	at org.eclipse.birt.report.model.api.impl.DesignEngineImpl.ensureInitialized(DesignEngineImpl.java:96)
	at org.eclipse.birt.report.model.api.impl.DesignEngineImpl.<init>(DesignEngineImpl.java:63)
	at org.eclipse.birt.report.model.api.impl.DesignEngineFactory.createDesignEngine(DesignEngineFactory.java:34)
	at org.eclipse.birt.report.model.api.DesignEngine.<init>(DesignEngine.java:98)
	at org.eclipse.birt.report.engine.parser.ReportParser.getDesignHandle(ReportParser.java:142)
	at org.eclipse.birt.report.engine.api.impl.ReportEngineHelper.getReportDesignHandle(ReportEngineHelper.java:255)
	at org.eclipse.birt.report.engine.api.impl.ReportEngineHelper.openReportDesign(ReportEngineHelper.java:274)
	at org.eclipse.birt.report.engine.api.impl.ReportEngineHelper.openReportDesign(ReportEngineHelper.java:196)
	at org.eclipse.birt.report.engine.api.impl.ReportEngineHelper.openReportDesign(ReportEngineHelper.java:130)
	at org.eclipse.birt.report.engine.api.impl.ReportEngine.openReportDesign(ReportEngine.java:313)
	at executeReportV2.executeReport(executeReportV2.java:34)
	at printVersion$2.mouseClicked(printVersion.java:58)
	at java.awt.AWTEventMulticaster.mouseClicked(Unknown Source)
	at java.awt.Component.processMouseEvent(Unknown Source)
	at javax.swing.JComponent.processMouseEvent(Unknown Source)
	at java.awt.Component.processEvent(Unknown Source)
	at java.awt.Container.processEvent(Unknown Source)
	at java.awt.Component.dispatchEventImpl(Unknown Source)
	at java.awt.Container.dispatchEventImpl(Unknown Source)
	at java.awt.Component.dispatchEvent(Unknown Source)
	at java.awt.LightweightDispatcher.retargetMouseEvent(Unknown Source)
	at java.awt.LightweightDispatcher.processMouseEvent(Unknown Source)
	at java.awt.LightweightDispatcher.dispatchEvent(Unknown Source)
	at java.awt.Container.dispatchEventImpl(Unknown Source)
	at java.awt.Window.dispatchEventImpl(Unknown Source)
	at java.awt.Component.dispatchEvent(Unknown Source)
	at java.awt.EventQueue.dispatchEventImpl(Unknown Source)
	at java.awt.EventQueue.access$500(Unknown Source)
	at java.awt.EventQueue$3.run(Unknown Source)
	at java.awt.EventQueue$3.run(Unknown Source)
	at java.security.AccessController.doPrivileged(Native Method)
	at java.security.ProtectionDomain$JavaSecurityAccessImpl.doIntersectionPrivilege(Unknown Source)
	at java.security.ProtectionDomain$JavaSecurityAccessImpl.doIntersectionPrivilege(Unknown Source)
	at java.awt.EventQueue$4.run(Unknown Source)
	at java.awt.EventQueue$4.run(Unknown Source)
	at java.security.AccessController.doPrivileged(Native Method)
	at java.security.ProtectionDomain$JavaSecurityAccessImpl.doIntersectionPrivilege(Unknown Source)
	at java.awt.EventQueue.dispatchEvent(Unknown Source)
	at java.awt.EventDispatchThread.pumpOneEventForFilters(Unknown Source)
	at java.awt.EventDispatchThread.pumpEventsForFilter(Unknown Source)
	at java.awt.EventDispatchThread.pumpEventsForHierarchy(Unknown Source)
	at java.awt.EventDispatchThread.pumpEvents(Unknown Source)
	at java.awt.EventDispatchThread.pumpEvents(Unknown Source)
	at java.awt.EventDispatchThread.run(Unknown Source)
]
2019-04-23 22:50:36  Message [Extension loading error]
					 Exception [org.eclipse.birt.report.model.metadata.MetaDataException: Message:Duplicate style names when adding the predefined style [crosstab] to the meta-data dictionary. Error code:DUPLICATE_STYLE_NAME 
	at org.eclipse.birt.report.model.metadata.MetaDataDictionary.addPredefinedStyle(MetaDataDictionary.java:652)
	at org.eclipse.birt.report.model.metadata.PeerExtensionLoader$PeerExtensionElementLoader.loadElement(PeerExtensionLoader.java:288)
	at org.eclipse.birt.report.model.metadata.PeerExtensionLoader.loadExtension(PeerExtensionLoader.java:113)
	at org.eclipse.birt.report.model.metadata.ExtensionLoader.doLoad(ExtensionLoader.java:150)
	at org.eclipse.birt.report.model.metadata.PeerExtensionLoader.doLoad(PeerExtensionLoader.java:65)
	at org.eclipse.birt.report.model.metadata.ExtensionLoader.load(ExtensionLoader.java:71)
	at org.eclipse.birt.report.model.metadata.ExtensionManagerImpl.initialize(ExtensionManagerImpl.java:100)
	at org.eclipse.birt.report.model.metadata.MetaDataDictionary.initialize(MetaDataDictionary.java:573)
	at org.eclipse.birt.report.model.api.impl.DesignEngineImpl.ensureInitialized(DesignEngineImpl.java:96)
	at org.eclipse.birt.report.model.api.impl.DesignEngineImpl.<init>(DesignEngineImpl.java:63)
	at org.eclipse.birt.report.model.api.impl.DesignEngineFactory.createDesignEngine(DesignEngineFactory.java:34)
	at org.eclipse.birt.report.model.api.DesignEngine.<init>(DesignEngine.java:98)
	at org.eclipse.birt.report.engine.parser.ReportParser.getDesignHandle(ReportParser.java:142)
	at org.eclipse.birt.report.engine.api.impl.ReportEngineHelper.getReportDesignHandle(ReportEngineHelper.java:255)
	at org.eclipse.birt.report.engine.api.impl.ReportEngineHelper.openReportDesign(ReportEngineHelper.java:274)
	at org.eclipse.birt.report.engine.api.impl.ReportEngineHelper.openReportDesign(ReportEngineHelper.java:196)
	at org.eclipse.birt.report.engine.api.impl.ReportEngineHelper.openReportDesign(ReportEngineHelper.java:130)
	at org.eclipse.birt.report.engine.api.impl.ReportEngine.openReportDesign(ReportEngine.java:313)
	at executeReportV2.executeReport(executeReportV2.java:34)
	at printVersion$2.mouseClicked(printVersion.java:58)
	at java.awt.AWTEventMulticaster.mouseClicked(Unknown Source)
	at java.awt.Component.processMouseEvent(Unknown Source)
	at javax.swing.JComponent.processMouseEvent(Unknown Source)
	at java.awt.Component.processEvent(Unknown Source)
	at java.awt.Container.processEvent(Unknown Source)
	at java.awt.Component.dispatchEventImpl(Unknown Source)
	at java.awt.Container.dispatchEventImpl(Unknown Source)
	at java.awt.Component.dispatchEvent(Unknown Source)
	at java.awt.LightweightDispatcher.retargetMouseEvent(Unknown Source)
	at java.awt.LightweightDispatcher.processMouseEvent(Unknown Source)
	at java.awt.LightweightDispatcher.dispatchEvent(Unknown Source)
	at java.awt.Container.dispatchEventImpl(Unknown Source)
	at java.awt.Window.dispatchEventImpl(Unknown Source)
	at java.awt.Component.dispatchEvent(Unknown Source)
	at java.awt.EventQueue.dispatchEventImpl(Unknown Source)
	at java.awt.EventQueue.access$500(Unknown Source)
	at java.awt.EventQueue$3.run(Unknown Source)
	at java.awt.EventQueue$3.run(Unknown Source)
	at java.security.AccessController.doPrivileged(Native Method)
	at java.security.ProtectionDomain$JavaSecurityAccessImpl.doIntersectionPrivilege(Unknown Source)
	at java.security.ProtectionDomain$JavaSecurityAccessImpl.doIntersectionPrivilege(Unknown Source)
	at java.awt.EventQueue$4.run(Unknown Source)
	at java.awt.EventQueue$4.run(Unknown Source)
	at java.security.AccessController.doPrivileged(Native Method)
	at java.security.ProtectionDomain$JavaSecurityAccessImpl.doIntersectionPrivilege(Unknown Source)
	at java.awt.EventQueue.dispatchEvent(Unknown Source)
	at java.awt.EventDispatchThread.pumpOneEventForFilters(Unknown Source)
	at java.awt.EventDispatchThread.pumpEventsForFilter(Unknown Source)
	at java.awt.EventDispatchThread.pumpEventsForHierarchy(Unknown Source)
	at java.awt.EventDispatchThread.pumpEvents(Unknown Source)
	at java.awt.EventDispatchThread.pumpEvents(Unknown Source)
	at java.awt.EventDispatchThread.run(Unknown Source)
]
2019-04-23 22:50:36  Message [Extension loading error]
					 Exception [org.eclipse.birt.report.model.metadata.MetaDataException: Message:Duplicate style names when adding the predefined style [crosstab-header] to the meta-data dictionary. Error code:DUPLICATE_STYLE_NAME 
	at org.eclipse.birt.report.model.metadata.MetaDataDictionary.addPredefinedStyle(MetaDataDictionary.java:652)
	at org.eclipse.birt.report.model.metadata.PeerExtensionLoader$PeerExtensionElementLoader.loadElement(PeerExtensionLoader.java:288)
	at org.eclipse.birt.report.model.metadata.PeerExtensionLoader.loadExtension(PeerExtensionLoader.java:113)
	at org.eclipse.birt.report.model.metadata.ExtensionLoader.doLoad(ExtensionLoader.java:150)
	at org.eclipse.birt.report.model.metadata.PeerExtensionLoader.doLoad(PeerExtensionLoader.java:65)
	at org.eclipse.birt.report.model.metadata.ExtensionLoader.load(ExtensionLoader.java:71)
	at org.eclipse.birt.report.model.metadata.ExtensionManagerImpl.initialize(ExtensionManagerImpl.java:100)
	at org.eclipse.birt.report.model.metadata.MetaDataDictionary.initialize(MetaDataDictionary.java:573)
	at org.eclipse.birt.report.model.api.impl.DesignEngineImpl.ensureInitialized(DesignEngineImpl.java:96)
	at org.eclipse.birt.report.model.api.impl.DesignEngineImpl.<init>(DesignEngineImpl.java:63)
	at org.eclipse.birt.report.model.api.impl.DesignEngineFactory.createDesignEngine(DesignEngineFactory.java:34)
	at org.eclipse.birt.report.model.api.DesignEngine.<init>(DesignEngine.java:98)
	at org.eclipse.birt.report.engine.parser.ReportParser.getDesignHandle(ReportParser.java:142)
	at org.eclipse.birt.report.engine.api.impl.ReportEngineHelper.getReportDesignHandle(ReportEngineHelper.java:255)
	at org.eclipse.birt.report.engine.api.impl.ReportEngineHelper.openReportDesign(ReportEngineHelper.java:274)
	at org.eclipse.birt.report.engine.api.impl.ReportEngineHelper.openReportDesign(ReportEngineHelper.java:196)
	at org.eclipse.birt.report.engine.api.impl.ReportEngineHelper.openReportDesign(ReportEngineHelper.java:130)
	at org.eclipse.birt.report.engine.api.impl.ReportEngine.openReportDesign(ReportEngine.java:313)
	at executeReportV2.executeReport(executeReportV2.java:34)
	at printVersion$2.mouseClicked(printVersion.java:58)
	at java.awt.AWTEventMulticaster.mouseClicked(Unknown Source)
	at java.awt.Component.processMouseEvent(Unknown Source)
	at javax.swing.JComponent.processMouseEvent(Unknown Source)
	at java.awt.Component.processEvent(Unknown Source)
	at java.awt.Container.processEvent(Unknown Source)
	at java.awt.Component.dispatchEventImpl(Unknown Source)
	at java.awt.Container.dispatchEventImpl(Unknown Source)
	at java.awt.Component.dispatchEvent(Unknown Source)
	at java.awt.LightweightDispatcher.retargetMouseEvent(Unknown Source)
	at java.awt.LightweightDispatcher.processMouseEvent(Unknown Source)
	at java.awt.LightweightDispatcher.dispatchEvent(Unknown Source)
	at java.awt.Container.dispatchEventImpl(Unknown Source)
	at java.awt.Window.dispatchEventImpl(Unknown Source)
	at java.awt.Component.dispatchEvent(Unknown Source)
	at java.awt.EventQueue.dispatchEventImpl(Unknown Source)
	at java.awt.EventQueue.access$500(Unknown Source)
	at java.awt.EventQueue$3.run(Unknown Source)
	at java.awt.EventQueue$3.run(Unknown Source)
	at java.security.AccessController.doPrivileged(Native Method)
	at java.security.ProtectionDomain$JavaSecurityAccessImpl.doIntersectionPrivilege(Unknown Source)
	at java.security.ProtectionDomain$JavaSecurityAccessImpl.doIntersectionPrivilege(Unknown Source)
	at java.awt.EventQueue$4.run(Unknown Source)
	at java.awt.EventQueue$4.run(Unknown Source)
	at java.security.AccessController.doPrivileged(Native Method)
	at java.security.ProtectionDomain$JavaSecurityAccessImpl.doIntersectionPrivilege(Unknown Source)
	at java.awt.EventQueue.dispatchEvent(Unknown Source)
	at java.awt.EventDispatchThread.pumpOneEventForFilters(Unknown Source)
	at java.awt.EventDispatchThread.pumpEventsForFilter(Unknown Source)
	at java.awt.EventDispatchThread.pumpEventsForHierarchy(Unknown Source)
	at java.awt.EventDispatchThread.pumpEvents(Unknown Source)
	at java.awt.EventDispatchThread.pumpEvents(Unknown Source)
	at java.awt.EventDispatchThread.run(Unknown Source)
]
2019-04-23 22:50:36  Message [Extension loading error]
					 Exception [org.eclipse.birt.report.model.metadata.MetaDataException: Message:Duplicate style names when adding the predefined style [crosstab-detail] to the meta-data dictionary. Error code:DUPLICATE_STYLE_NAME 
	at org.eclipse.birt.report.model.metadata.MetaDataDictionary.addPredefinedStyle(MetaDataDictionary.java:652)
	at org.eclipse.birt.report.model.metadata.PeerExtensionLoader$PeerExtensionElementLoader.loadElement(PeerExtensionLoader.java:288)
	at org.eclipse.birt.report.model.metadata.PeerExtensionLoader.loadExtension(PeerExtensionLoader.java:113)
	at org.eclipse.birt.report.model.metadata.ExtensionLoader.doLoad(ExtensionLoader.java:150)
	at org.eclipse.birt.report.model.metadata.PeerExtensionLoader.doLoad(PeerExtensionLoader.java:65)
	at org.eclipse.birt.report.model.metadata.ExtensionLoader.load(ExtensionLoader.java:71)
	at org.eclipse.birt.report.model.metadata.ExtensionManagerImpl.initialize(ExtensionManagerImpl.java:100)
	at org.eclipse.birt.report.model.metadata.MetaDataDictionary.initialize(MetaDataDictionary.java:573)
	at org.eclipse.birt.report.model.api.impl.DesignEngineImpl.ensureInitialized(DesignEngineImpl.java:96)
	at org.eclipse.birt.report.model.api.impl.DesignEngineImpl.<init>(DesignEngineImpl.java:63)
	at org.eclipse.birt.report.model.api.impl.DesignEngineFactory.createDesignEngine(DesignEngineFactory.java:34)
	at org.eclipse.birt.report.model.api.DesignEngine.<init>(DesignEngine.java:98)
	at org.eclipse.birt.report.engine.parser.ReportParser.getDesignHandle(ReportParser.java:142)
	at org.eclipse.birt.report.engine.api.impl.ReportEngineHelper.getReportDesignHandle(ReportEngineHelper.java:255)
	at org.eclipse.birt.report.engine.api.impl.ReportEngineHelper.openReportDesign(ReportEngineHelper.java:274)
	at org.eclipse.birt.report.engine.api.impl.ReportEngineHelper.openReportDesign(ReportEngineHelper.java:196)
	at org.eclipse.birt.report.engine.api.impl.ReportEngineHelper.openReportDesign(ReportEngineHelper.java:130)
	at org.eclipse.birt.report.engine.api.impl.ReportEngine.openReportDesign(ReportEngine.java:313)
	at executeReportV2.executeReport(executeReportV2.java:34)
	at printVersion$2.mouseClicked(printVersion.java:58)
	at java.awt.AWTEventMulticaster.mouseClicked(Unknown Source)
	at java.awt.Component.processMouseEvent(Unknown Source)
	at javax.swing.JComponent.processMouseEvent(Unknown Source)
	at java.awt.Component.processEvent(Unknown Source)
	at java.awt.Container.processEvent(Unknown Source)
	at java.awt.Component.dispatchEventImpl(Unknown Source)
	at java.awt.Container.dispatchEventImpl(Unknown Source)
	at java.awt.Component.dispatchEvent(Unknown Source)
	at java.awt.LightweightDispatcher.retargetMouseEvent(Unknown Source)
	at java.awt.LightweightDispatcher.processMouseEvent(Unknown Source)
	at java.awt.LightweightDispatcher.dispatchEvent(Unknown Source)
	at java.awt.Container.dispatchEventImpl(Unknown Source)
	at java.awt.Window.dispatchEventImpl(Unknown Source)
	at java.awt.Component.dispatchEvent(Unknown Source)
	at java.awt.EventQueue.dispatchEventImpl(Unknown Source)
	at java.awt.EventQueue.access$500(Unknown Source)
	at java.awt.EventQueue$3.run(Unknown Source)
	at java.awt.EventQueue$3.run(Unknown Source)
	at java.security.AccessController.doPrivileged(Native Method)
	at java.security.ProtectionDomain$JavaSecurityAccessImpl.doIntersectionPrivilege(Unknown Source)
	at java.security.ProtectionDomain$JavaSecurityAccessImpl.doIntersectionPrivilege(Unknown Source)
	at java.awt.EventQueue$4.run(Unknown Source)
	at java.awt.EventQueue$4.run(Unknown Source)
	at java.security.AccessController.doPrivileged(Native Method)
	at java.security.ProtectionDomain$JavaSecurityAccessImpl.doIntersectionPrivilege(Unknown Source)
	at java.awt.EventQueue.dispatchEvent(Unknown Source)
	at java.awt.EventDispatchThread.pumpOneEventForFilters(Unknown Source)
	at java.awt.EventDispatchThread.pumpEventsForFilter(Unknown Source)
	at java.awt.EventDispatchThread.pumpEventsForHierarchy(Unknown Source)
	at java.awt.EventDispatchThread.pumpEvents(Unknown Source)
	at java.awt.EventDispatchThread.pumpEvents(Unknown Source)
	at java.awt.EventDispatchThread.run(Unknown Source)
]
2019-04-23 22:50:36  Message [Extension loading error]
					 Exception [org.eclipse.birt.report.model.metadata.MetaDataException: Message:Duplicate style names when adding the predefined style [crosstab-row-header] to the meta-data dictionary. Error code:DUPLICATE_STYLE_NAME 
	at org.eclipse.birt.report.model.metadata.MetaDataDictionary.addPredefinedStyle(MetaDataDictionary.java:652)
	at org.eclipse.birt.report.model.metadata.PeerExtensionLoader$PeerExtensionElementLoader.loadElement(PeerExtensionLoader.java:288)
	at org.eclipse.birt.report.model.metadata.PeerExtensionLoader.loadExtension(PeerExtensionLoader.java:113)
	at org.eclipse.birt.report.model.metadata.ExtensionLoader.doLoad(ExtensionLoader.java:150)
	at org.eclipse.birt.report.model.metadata.PeerExtensionLoader.doLoad(PeerExtensionLoader.java:65)
	at org.eclipse.birt.report.model.metadata.ExtensionLoader.load(ExtensionLoader.java:71)
	at org.eclipse.birt.report.model.metadata.ExtensionManagerImpl.initialize(ExtensionManagerImpl.java:100)
	at org.eclipse.birt.report.model.metadata.MetaDataDictionary.initialize(MetaDataDictionary.java:573)
	at org.eclipse.birt.report.model.api.impl.DesignEngineImpl.ensureInitialized(DesignEngineImpl.java:96)
	at org.eclipse.birt.report.model.api.impl.DesignEngineImpl.<init>(DesignEngineImpl.java:63)
	at org.eclipse.birt.report.model.api.impl.DesignEngineFactory.createDesignEngine(DesignEngineFactory.java:34)
	at org.eclipse.birt.report.model.api.DesignEngine.<init>(DesignEngine.java:98)
	at org.eclipse.birt.report.engine.parser.ReportParser.getDesignHandle(ReportParser.java:142)
	at org.eclipse.birt.report.engine.api.impl.ReportEngineHelper.getReportDesignHandle(ReportEngineHelper.java:255)
	at org.eclipse.birt.report.engine.api.impl.ReportEngineHelper.openReportDesign(ReportEngineHelper.java:274)
	at org.eclipse.birt.report.engine.api.impl.ReportEngineHelper.openReportDesign(ReportEngineHelper.java:196)
	at org.eclipse.birt.report.engine.api.impl.ReportEngineHelper.openReportDesign(ReportEngineHelper.java:130)
	at org.eclipse.birt.report.engine.api.impl.ReportEngine.openReportDesign(ReportEngine.java:313)
	at executeReportV2.executeReport(executeReportV2.java:34)
	at printVersion$2.mouseClicked(printVersion.java:58)
	at java.awt.AWTEventMulticaster.mouseClicked(Unknown Source)
	at java.awt.Component.processMouseEvent(Unknown Source)
	at javax.swing.JComponent.processMouseEvent(Unknown Source)
	at java.awt.Component.processEvent(Unknown Source)
	at java.awt.Container.processEvent(Unknown Source)
	at java.awt.Component.dispatchEventImpl(Unknown Source)
	at java.awt.Container.dispatchEventImpl(Unknown Source)
	at java.awt.Component.dispatchEvent(Unknown Source)
	at java.awt.LightweightDispatcher.retargetMouseEvent(Unknown Source)
	at java.awt.LightweightDispatcher.processMouseEvent(Unknown Source)
	at java.awt.LightweightDispatcher.dispatchEvent(Unknown Source)
	at java.awt.Container.dispatchEventImpl(Unknown Source)
	at java.awt.Window.dispatchEventImpl(Unknown Source)
	at java.awt.Component.dispatchEvent(Unknown Source)
	at java.awt.EventQueue.dispatchEventImpl(Unknown Source)
	at java.awt.EventQueue.access$500(Unknown Source)
	at java.awt.EventQueue$3.run(Unknown Source)
	at java.awt.EventQueue$3.run(Unknown Source)
	at java.security.AccessController.doPrivileged(Native Method)
	at java.security.ProtectionDomain$JavaSecurityAccessImpl.doIntersectionPrivilege(Unknown Source)
	at java.security.ProtectionDomain$JavaSecurityAccessImpl.doIntersectionPrivilege(Unknown Source)
	at java.awt.EventQueue$4.run(Unknown Source)
	at java.awt.EventQueue$4.run(Unknown Source)
	at java.security.AccessController.doPrivileged(Native Method)
	at java.security.ProtectionDomain$JavaSecurityAccessImpl.doIntersectionPrivilege(Unknown Source)
	at java.awt.EventQueue.dispatchEvent(Unknown Source)
	at java.awt.EventDispatchThread.pumpOneEventForFilters(Unknown Source)
	at java.awt.EventDispatchThread.pumpEventsForFilter(Unknown Source)
	at java.awt.EventDispatchThread.pumpEventsForHierarchy(Unknown Source)
	at java.awt.EventDispatchThread.pumpEvents(Unknown Source)
	at java.awt.EventDispatchThread.pumpEvents(Unknown Source)
	at java.awt.EventDispatchThread.run(Unknown Source)
]
2019-04-23 22:50:36  Message [Extension loading error]
					 Exception [org.eclipse.birt.report.model.metadata.MetaDataException: Message:Duplicate style names when adding the predefined style [crosstab-column-header] to the meta-data dictionary. Error code:DUPLICATE_STYLE_NAME 
	at org.eclipse.birt.report.model.metadata.MetaDataDictionary.addPredefinedStyle(MetaDataDictionary.java:652)
	at org.eclipse.birt.report.model.metadata.PeerExtensionLoader$PeerExtensionElementLoader.loadElement(PeerExtensionLoader.java:288)
	at org.eclipse.birt.report.model.metadata.PeerExtensionLoader.loadExtension(PeerExtensionLoader.java:113)
	at org.eclipse.birt.report.model.metadata.ExtensionLoader.doLoad(ExtensionLoader.java:150)
	at org.eclipse.birt.report.model.metadata.PeerExtensionLoader.doLoad(PeerExtensionLoader.java:65)
	at org.eclipse.birt.report.model.metadata.ExtensionLoader.load(ExtensionLoader.java:71)
	at org.eclipse.birt.report.model.metadata.ExtensionManagerImpl.initialize(ExtensionManagerImpl.java:100)
	at org.eclipse.birt.report.model.metadata.MetaDataDictionary.initialize(MetaDataDictionary.java:573)
	at org.eclipse.birt.report.model.api.impl.DesignEngineImpl.ensureInitialized(DesignEngineImpl.java:96)
	at org.eclipse.birt.report.model.api.impl.DesignEngineImpl.<init>(DesignEngineImpl.java:63)
	at org.eclipse.birt.report.model.api.impl.DesignEngineFactory.createDesignEngine(DesignEngineFactory.java:34)
	at org.eclipse.birt.report.model.api.DesignEngine.<init>(DesignEngine.java:98)
	at org.eclipse.birt.report.engine.parser.ReportParser.getDesignHandle(ReportParser.java:142)
	at org.eclipse.birt.report.engine.api.impl.ReportEngineHelper.getReportDesignHandle(ReportEngineHelper.java:255)
	at org.eclipse.birt.report.engine.api.impl.ReportEngineHelper.openReportDesign(ReportEngineHelper.java:274)
	at org.eclipse.birt.report.engine.api.impl.ReportEngineHelper.openReportDesign(ReportEngineHelper.java:196)
	at org.eclipse.birt.report.engine.api.impl.ReportEngineHelper.openReportDesign(ReportEngineHelper.java:130)
	at org.eclipse.birt.report.engine.api.impl.ReportEngine.openReportDesign(ReportEngine.java:313)
	at executeReportV2.executeReport(executeReportV2.java:34)
	at printVersion$2.mouseClicked(printVersion.java:58)
	at java.awt.AWTEventMulticaster.mouseClicked(Unknown Source)
	at java.awt.Component.processMouseEvent(Unknown Source)
	at javax.swing.JComponent.processMouseEvent(Unknown Source)
	at java.awt.Component.processEvent(Unknown Source)
	at java.awt.Container.processEvent(Unknown Source)
	at java.awt.Component.dispatchEventImpl(Unknown Source)
	at java.awt.Container.dispatchEventImpl(Unknown Source)
	at java.awt.Component.dispatchEvent(Unknown Source)
	at java.awt.LightweightDispatcher.retargetMouseEvent(Unknown Source)
	at java.awt.LightweightDispatcher.processMouseEvent(Unknown Source)
	at java.awt.LightweightDispatcher.dispatchEvent(Unknown Source)
	at java.awt.Container.dispatchEventImpl(Unknown Source)
	at java.awt.Window.dispatchEventImpl(Unknown Source)
	at java.awt.Component.dispatchEvent(Unknown Source)
	at java.awt.EventQueue.dispatchEventImpl(Unknown Source)
	at java.awt.EventQueue.access$500(Unknown Source)
	at java.awt.EventQueue$3.run(Unknown Source)
	at java.awt.EventQueue$3.run(Unknown Source)
	at java.security.AccessController.doPrivileged(Native Method)
	at java.security.ProtectionDomain$JavaSecurityAccessImpl.doIntersectionPrivilege(Unknown Source)
	at java.security.ProtectionDomain$JavaSecurityAccessImpl.doIntersectionPrivilege(Unknown Source)
	at java.awt.EventQueue$4.run(Unknown Source)
	at java.awt.EventQueue$4.run(Unknown Source)
	at java.security.AccessController.doPrivileged(Native Method)
	at java.security.ProtectionDomain$JavaSecurityAccessImpl.doIntersectionPrivilege(Unknown Source)
	at java.awt.EventQueue.dispatchEvent(Unknown Source)
	at java.awt.EventDispatchThread.pumpOneEventForFilters(Unknown Source)
	at java.awt.EventDispatchThread.pumpEventsForFilter(Unknown Source)
	at java.awt.EventDispatchThread.pumpEventsForHierarchy(Unknown Source)
	at java.awt.EventDispatchThread.pumpEvents(Unknown Source)
	at java.awt.EventDispatchThread.pumpEvents(Unknown Source)
	at java.awt.EventDispatchThread.run(Unknown Source)
]
2019-04-23 22:50:36  Message [Extension loading error]
					 Exception [org.eclipse.birt.report.model.metadata.MetaDataException: Message:Duplicate style names when adding the predefined style [crosstab-row-grand-total] to the meta-data dictionary. Error code:DUPLICATE_STYLE_NAME 
	at org.eclipse.birt.report.model.metadata.MetaDataDictionary.addPredefinedStyle(MetaDataDictionary.java:652)
	at org.eclipse.birt.report.model.metadata.PeerExtensionLoader$PeerExtensionElementLoader.loadElement(PeerExtensionLoader.java:288)
	at org.eclipse.birt.report.model.metadata.PeerExtensionLoader.loadExtension(PeerExtensionLoader.java:113)
	at org.eclipse.birt.report.model.metadata.ExtensionLoader.doLoad(ExtensionLoader.java:150)
	at org.eclipse.birt.report.model.metadata.PeerExtensionLoader.doLoad(PeerExtensionLoader.java:65)
	at org.eclipse.birt.report.model.metadata.ExtensionLoader.load(ExtensionLoader.java:71)
	at org.eclipse.birt.report.model.metadata.ExtensionManagerImpl.initialize(ExtensionManagerImpl.java:100)
	at org.eclipse.birt.report.model.metadata.MetaDataDictionary.initialize(MetaDataDictionary.java:573)
	at org.eclipse.birt.report.model.api.impl.DesignEngineImpl.ensureInitialized(DesignEngineImpl.java:96)
	at org.eclipse.birt.report.model.api.impl.DesignEngineImpl.<init>(DesignEngineImpl.java:63)
	at org.eclipse.birt.report.model.api.impl.DesignEngineFactory.createDesignEngine(DesignEngineFactory.java:34)
	at org.eclipse.birt.report.model.api.DesignEngine.<init>(DesignEngine.java:98)
	at org.eclipse.birt.report.engine.parser.ReportParser.getDesignHandle(ReportParser.java:142)
	at org.eclipse.birt.report.engine.api.impl.ReportEngineHelper.getReportDesignHandle(ReportEngineHelper.java:255)
	at org.eclipse.birt.report.engine.api.impl.ReportEngineHelper.openReportDesign(ReportEngineHelper.java:274)
	at org.eclipse.birt.report.engine.api.impl.ReportEngineHelper.openReportDesign(ReportEngineHelper.java:196)
	at org.eclipse.birt.report.engine.api.impl.ReportEngineHelper.openReportDesign(ReportEngineHelper.java:130)
	at org.eclipse.birt.report.engine.api.impl.ReportEngine.openReportDesign(ReportEngine.java:313)
	at executeReportV2.executeReport(executeReportV2.java:34)
	at printVersion$2.mouseClicked(printVersion.java:58)
	at java.awt.AWTEventMulticaster.mouseClicked(Unknown Source)
	at java.awt.Component.processMouseEvent(Unknown Source)
	at javax.swing.JComponent.processMouseEvent(Unknown Source)
	at java.awt.Component.processEvent(Unknown Source)
	at java.awt.Container.processEvent(Unknown Source)
	at java.awt.Component.dispatchEventImpl(Unknown Source)
	at java.awt.Container.dispatchEventImpl(Unknown Source)
	at java.awt.Component.dispatchEvent(Unknown Source)
	at java.awt.LightweightDispatcher.retargetMouseEvent(Unknown Source)
	at java.awt.LightweightDispatcher.processMouseEvent(Unknown Source)
	at java.awt.LightweightDispatcher.dispatchEvent(Unknown Source)
	at java.awt.Container.dispatchEventImpl(Unknown Source)
	at java.awt.Window.dispatchEventImpl(Unknown Source)
	at java.awt.Component.dispatchEvent(Unknown Source)
	at java.awt.EventQueue.dispatchEventImpl(Unknown Source)
	at java.awt.EventQueue.access$500(Unknown Source)
	at java.awt.EventQueue$3.run(Unknown Source)
	at java.awt.EventQueue$3.run(Unknown Source)
	at java.security.AccessController.doPrivileged(Native Method)
	at java.security.ProtectionDomain$JavaSecurityAccessImpl.doIntersectionPrivilege(Unknown Source)
	at java.security.ProtectionDomain$JavaSecurityAccessImpl.doIntersectionPrivilege(Unknown Source)
	at java.awt.EventQueue$4.run(Unknown Source)
	at java.awt.EventQueue$4.run(Unknown Source)
	at java.security.AccessController.doPrivileged(Native Method)
	at java.security.ProtectionDomain$JavaSecurityAccessImpl.doIntersectionPrivilege(Unknown Source)
	at java.awt.EventQueue.dispatchEvent(Unknown Source)
	at java.awt.EventDispatchThread.pumpOneEventForFilters(Unknown Source)
	at java.awt.EventDispatchThread.pumpEventsForFilter(Unknown Source)
	at java.awt.EventDispatchThread.pumpEventsForHierarchy(Unknown Source)
	at java.awt.EventDispatchThread.pumpEvents(Unknown Source)
	at java.awt.EventDispatchThread.pumpEvents(Unknown Source)
	at java.awt.EventDispatchThread.run(Unknown Source)
]
2019-04-23 22:50:36  Message [Extension loading error]
					 Exception [org.eclipse.birt.report.model.metadata.MetaDataException: Message:Duplicate style names when adding the predefined style [crosstab-column-grand-total] to the meta-data dictionary. Error code:DUPLICATE_STYLE_NAME 
	at org.eclipse.birt.report.model.metadata.MetaDataDictionary.addPredefinedStyle(MetaDataDictionary.java:652)
	at org.eclipse.birt.report.model.metadata.PeerExtensionLoader$PeerExtensionElementLoader.loadElement(PeerExtensionLoader.java:288)
	at org.eclipse.birt.report.model.metadata.PeerExtensionLoader.loadExtension(PeerExtensionLoader.java:113)
	at org.eclipse.birt.report.model.metadata.ExtensionLoader.doLoad(ExtensionLoader.java:150)
	at org.eclipse.birt.report.model.metadata.PeerExtensionLoader.doLoad(PeerExtensionLoader.java:65)
	at org.eclipse.birt.report.model.metadata.ExtensionLoader.load(ExtensionLoader.java:71)
	at org.eclipse.birt.report.model.metadata.ExtensionManagerImpl.initialize(ExtensionManagerImpl.java:100)
	at org.eclipse.birt.report.model.metadata.MetaDataDictionary.initialize(MetaDataDictionary.java:573)
	at org.eclipse.birt.report.model.api.impl.DesignEngineImpl.ensureInitialized(DesignEngineImpl.java:96)
	at org.eclipse.birt.report.model.api.impl.DesignEngineImpl.<init>(DesignEngineImpl.java:63)
	at org.eclipse.birt.report.model.api.impl.DesignEngineFactory.createDesignEngine(DesignEngineFactory.java:34)
	at org.eclipse.birt.report.model.api.DesignEngine.<init>(DesignEngine.java:98)
	at org.eclipse.birt.report.engine.parser.ReportParser.getDesignHandle(ReportParser.java:142)
	at org.eclipse.birt.report.engine.api.impl.ReportEngineHelper.getReportDesignHandle(ReportEngineHelper.java:255)
	at org.eclipse.birt.report.engine.api.impl.ReportEngineHelper.openReportDesign(ReportEngineHelper.java:274)
	at org.eclipse.birt.report.engine.api.impl.ReportEngineHelper.openReportDesign(ReportEngineHelper.java:196)
	at org.eclipse.birt.report.engine.api.impl.ReportEngineHelper.openReportDesign(ReportEngineHelper.java:130)
	at org.eclipse.birt.report.engine.api.impl.ReportEngine.openReportDesign(ReportEngine.java:313)
	at executeReportV2.executeReport(executeReportV2.java:34)
	at printVersion$2.mouseClicked(printVersion.java:58)
	at java.awt.AWTEventMulticaster.mouseClicked(Unknown Source)
	at java.awt.Component.processMouseEvent(Unknown Source)
	at javax.swing.JComponent.processMouseEvent(Unknown Source)
	at java.awt.Component.processEvent(Unknown Source)
	at java.awt.Container.processEvent(Unknown Source)
	at java.awt.Component.dispatchEventImpl(Unknown Source)
	at java.awt.Container.dispatchEventImpl(Unknown Source)
	at java.awt.Component.dispatchEvent(Unknown Source)
	at java.awt.LightweightDispatcher.retargetMouseEvent(Unknown Source)
	at java.awt.LightweightDispatcher.processMouseEvent(Unknown Source)
	at java.awt.LightweightDispatcher.dispatchEvent(Unknown Source)
	at java.awt.Container.dispatchEventImpl(Unknown Source)
	at java.awt.Window.dispatchEventImpl(Unknown Source)
	at java.awt.Component.dispatchEvent(Unknown Source)
	at java.awt.EventQueue.dispatchEventImpl(Unknown Source)
	at java.awt.EventQueue.access$500(Unknown Source)
	at java.awt.EventQueue$3.run(Unknown Source)
	at java.awt.EventQueue$3.run(Unknown Source)
	at java.security.AccessController.doPrivileged(Native Method)
	at java.security.ProtectionDomain$JavaSecurityAccessImpl.doIntersectionPrivilege(Unknown Source)
	at java.security.ProtectionDomain$JavaSecurityAccessImpl.doIntersectionPrivilege(Unknown Source)
	at java.awt.EventQueue$4.run(Unknown Source)
	at java.awt.EventQueue$4.run(Unknown Source)
	at java.security.AccessController.doPrivileged(Native Method)
	at java.security.ProtectionDomain$JavaSecurityAccessImpl.doIntersectionPrivilege(Unknown Source)
	at java.awt.EventQueue.dispatchEvent(Unknown Source)
	at java.awt.EventDispatchThread.pumpOneEventForFilters(Unknown Source)
	at java.awt.EventDispatchThread.pumpEventsForFilter(Unknown Source)
	at java.awt.EventDispatchThread.pumpEventsForHierarchy(Unknown Source)
	at java.awt.EventDispatchThread.pumpEvents(Unknown Source)
	at java.awt.EventDispatchThread.pumpEvents(Unknown Source)
	at java.awt.EventDispatchThread.run(Unknown Source)
]
2019-04-23 22:50:36  Message [Extension loading error]
					 Exception [org.eclipse.birt.report.model.metadata.MetaDataException: Message:Duplicate style names when adding the predefined style [crosstab-row-sub-total] to the meta-data dictionary. Error code:DUPLICATE_STYLE_NAME 
	at org.eclipse.birt.report.model.metadata.MetaDataDictionary.addPredefinedStyle(MetaDataDictionary.java:652)
	at org.eclipse.birt.report.model.metadata.PeerExtensionLoader$PeerExtensionElementLoader.loadElement(PeerExtensionLoader.java:288)
	at org.eclipse.birt.report.model.metadata.PeerExtensionLoader.loadExtension(PeerExtensionLoader.java:113)
	at org.eclipse.birt.report.model.metadata.ExtensionLoader.doLoad(ExtensionLoader.java:150)
	at org.eclipse.birt.report.model.metadata.PeerExtensionLoader.doLoad(PeerExtensionLoader.java:65)
	at org.eclipse.birt.report.model.metadata.ExtensionLoader.load(ExtensionLoader.java:71)
	at org.eclipse.birt.report.model.metadata.ExtensionManagerImpl.initialize(ExtensionManagerImpl.java:100)
	at org.eclipse.birt.report.model.metadata.MetaDataDictionary.initialize(MetaDataDictionary.java:573)
	at org.eclipse.birt.report.model.api.impl.DesignEngineImpl.ensureInitialized(DesignEngineImpl.java:96)
	at org.eclipse.birt.report.model.api.impl.DesignEngineImpl.<init>(DesignEngineImpl.java:63)
	at org.eclipse.birt.report.model.api.impl.DesignEngineFactory.createDesignEngine(DesignEngineFactory.java:34)
	at org.eclipse.birt.report.model.api.DesignEngine.<init>(DesignEngine.java:98)
	at org.eclipse.birt.report.engine.parser.ReportParser.getDesignHandle(ReportParser.java:142)
	at org.eclipse.birt.report.engine.api.impl.ReportEngineHelper.getReportDesignHandle(ReportEngineHelper.java:255)
	at org.eclipse.birt.report.engine.api.impl.ReportEngineHelper.openReportDesign(ReportEngineHelper.java:274)
	at org.eclipse.birt.report.engine.api.impl.ReportEngineHelper.openReportDesign(ReportEngineHelper.java:196)
	at org.eclipse.birt.report.engine.api.impl.ReportEngineHelper.openReportDesign(ReportEngineHelper.java:130)
	at org.eclipse.birt.report.engine.api.impl.ReportEngine.openReportDesign(ReportEngine.java:313)
	at executeReportV2.executeReport(executeReportV2.java:34)
	at printVersion$2.mouseClicked(printVersion.java:58)
	at java.awt.AWTEventMulticaster.mouseClicked(Unknown Source)
	at java.awt.Component.processMouseEvent(Unknown Source)
	at javax.swing.JComponent.processMouseEvent(Unknown Source)
	at java.awt.Component.processEvent(Unknown Source)
	at java.awt.Container.processEvent(Unknown Source)
	at java.awt.Component.dispatchEventImpl(Unknown Source)
	at java.awt.Container.dispatchEventImpl(Unknown Source)
	at java.awt.Component.dispatchEvent(Unknown Source)
	at java.awt.LightweightDispatcher.retargetMouseEvent(Unknown Source)
	at java.awt.LightweightDispatcher.processMouseEvent(Unknown Source)
	at java.awt.LightweightDispatcher.dispatchEvent(Unknown Source)
	at java.awt.Container.dispatchEventImpl(Unknown Source)
	at java.awt.Window.dispatchEventImpl(Unknown Source)
	at java.awt.Component.dispatchEvent(Unknown Source)
	at java.awt.EventQueue.dispatchEventImpl(Unknown Source)
	at java.awt.EventQueue.access$500(Unknown Source)
	at java.awt.EventQueue$3.run(Unknown Source)
	at java.awt.EventQueue$3.run(Unknown Source)
	at java.security.AccessController.doPrivileged(Native Method)
	at java.security.ProtectionDomain$JavaSecurityAccessImpl.doIntersectionPrivilege(Unknown Source)
	at java.security.ProtectionDomain$JavaSecurityAccessImpl.doIntersectionPrivilege(Unknown Source)
	at java.awt.EventQueue$4.run(Unknown Source)
	at java.awt.EventQueue$4.run(Unknown Source)
	at java.security.AccessController.doPrivileged(Native Method)
	at java.security.ProtectionDomain$JavaSecurityAccessImpl.doIntersectionPrivilege(Unknown Source)
	at java.awt.EventQueue.dispatchEvent(Unknown Source)
	at java.awt.EventDispatchThread.pumpOneEventForFilters(Unknown Source)
	at java.awt.EventDispatchThread.pumpEventsForFilter(Unknown Source)
	at java.awt.EventDispatchThread.pumpEventsForHierarchy(Unknown Source)
	at java.awt.EventDispatchThread.pumpEvents(Unknown Source)
	at java.awt.EventDispatchThread.pumpEvents(Unknown Source)
	at java.awt.EventDispatchThread.run(Unknown Source)
]
2019-04-23 22:50:36  Message [Extension loading error]
					 Exception [org.eclipse.birt.report.model.metadata.MetaDataException: Message:Duplicate style names when adding the predefined style [crosstab-column-sub-total] to the meta-data dictionary. Error code:DUPLICATE_STYLE_NAME 
	at org.eclipse.birt.report.model.metadata.MetaDataDictionary.addPredefinedStyle(MetaDataDictionary.java:652)
	at org.eclipse.birt.report.model.metadata.PeerExtensionLoader$PeerExtensionElementLoader.loadElement(PeerExtensionLoader.java:288)
	at org.eclipse.birt.report.model.metadata.PeerExtensionLoader.loadExtension(PeerExtensionLoader.java:113)
	at org.eclipse.birt.report.model.metadata.ExtensionLoader.doLoad(ExtensionLoader.java:150)
	at org.eclipse.birt.report.model.metadata.PeerExtensionLoader.doLoad(PeerExtensionLoader.java:65)
	at org.eclipse.birt.report.model.metadata.ExtensionLoader.load(ExtensionLoader.java:71)
	at org.eclipse.birt.report.model.metadata.ExtensionManagerImpl.initialize(ExtensionManagerImpl.java:100)
	at org.eclipse.birt.report.model.metadata.MetaDataDictionary.initialize(MetaDataDictionary.java:573)
	at org.eclipse.birt.report.model.api.impl.DesignEngineImpl.ensureInitialized(DesignEngineImpl.java:96)
	at org.eclipse.birt.report.model.api.impl.DesignEngineImpl.<init>(DesignEngineImpl.java:63)
	at org.eclipse.birt.report.model.api.impl.DesignEngineFactory.createDesignEngine(DesignEngineFactory.java:34)
	at org.eclipse.birt.report.model.api.DesignEngine.<init>(DesignEngine.java:98)
	at org.eclipse.birt.report.engine.parser.ReportParser.getDesignHandle(ReportParser.java:142)
	at org.eclipse.birt.report.engine.api.impl.ReportEngineHelper.getReportDesignHandle(ReportEngineHelper.java:255)
	at org.eclipse.birt.report.engine.api.impl.ReportEngineHelper.openReportDesign(ReportEngineHelper.java:274)
	at org.eclipse.birt.report.engine.api.impl.ReportEngineHelper.openReportDesign(ReportEngineHelper.java:196)
	at org.eclipse.birt.report.engine.api.impl.ReportEngineHelper.openReportDesign(ReportEngineHelper.java:130)
	at org.eclipse.birt.report.engine.api.impl.ReportEngine.openReportDesign(ReportEngine.java:313)
	at executeReportV2.executeReport(executeReportV2.java:34)
	at printVersion$2.mouseClicked(printVersion.java:58)
	at java.awt.AWTEventMulticaster.mouseClicked(Unknown Source)
	at java.awt.Component.processMouseEvent(Unknown Source)
	at javax.swing.JComponent.processMouseEvent(Unknown Source)
	at java.awt.Component.processEvent(Unknown Source)
	at java.awt.Container.processEvent(Unknown Source)
	at java.awt.Component.dispatchEventImpl(Unknown Source)
	at java.awt.Container.dispatchEventImpl(Unknown Source)
	at java.awt.Component.dispatchEvent(Unknown Source)
	at java.awt.LightweightDispatcher.retargetMouseEvent(Unknown Source)
	at java.awt.LightweightDispatcher.processMouseEvent(Unknown Source)
	at java.awt.LightweightDispatcher.dispatchEvent(Unknown Source)
	at java.awt.Container.dispatchEventImpl(Unknown Source)
	at java.awt.Window.dispatchEventImpl(Unknown Source)
	at java.awt.Component.dispatchEvent(Unknown Source)
	at java.awt.EventQueue.dispatchEventImpl(Unknown Source)
	at java.awt.EventQueue.access$500(Unknown Source)
	at java.awt.EventQueue$3.run(Unknown Source)
	at java.awt.EventQueue$3.run(Unknown Source)
	at java.security.AccessController.doPrivileged(Native Method)
	at java.security.ProtectionDomain$JavaSecurityAccessImpl.doIntersectionPrivilege(Unknown Source)
	at java.security.ProtectionDomain$JavaSecurityAccessImpl.doIntersectionPrivilege(Unknown Source)
	at java.awt.EventQueue$4.run(Unknown Source)
	at java.awt.EventQueue$4.run(Unknown Source)
	at java.security.AccessController.doPrivileged(Native Method)
	at java.security.ProtectionDomain$JavaSecurityAccessImpl.doIntersectionPrivilege(Unknown Source)
	at java.awt.EventQueue.dispatchEvent(Unknown Source)
	at java.awt.EventDispatchThread.pumpOneEventForFilters(Unknown Source)
	at java.awt.EventDispatchThread.pumpEventsForFilter(Unknown Source)
	at java.awt.EventDispatchThread.pumpEventsForHierarchy(Unknown Source)
	at java.awt.EventDispatchThread.pumpEvents(Unknown Source)
	at java.awt.EventDispatchThread.pumpEvents(Unknown Source)
	at java.awt.EventDispatchThread.run(Unknown Source)
]
2019-04-23 22:50:36  Message [Extension loading error]
					 Exception [org.eclipse.birt.report.model.metadata.MetaDataException: Message:Duplicate style names when adding the predefined style [crosstab-cell] to the meta-data dictionary. Error code:DUPLICATE_STYLE_NAME 
	at org.eclipse.birt.report.model.metadata.MetaDataDictionary.addPredefinedStyle(MetaDataDictionary.java:652)
	at org.eclipse.birt.report.model.metadata.PeerExtensionLoader$PeerExtensionElementLoader.loadElement(PeerExtensionLoader.java:288)
	at org.eclipse.birt.report.model.metadata.PeerExtensionLoader.loadExtension(PeerExtensionLoader.java:113)
	at org.eclipse.birt.report.model.metadata.ExtensionLoader.doLoad(ExtensionLoader.java:150)
	at org.eclipse.birt.report.model.metadata.PeerExtensionLoader.doLoad(PeerExtensionLoader.java:65)
	at org.eclipse.birt.report.model.metadata.ExtensionLoader.load(ExtensionLoader.java:71)
	at org.eclipse.birt.report.model.metadata.ExtensionManagerImpl.initialize(ExtensionManagerImpl.java:100)
	at org.eclipse.birt.report.model.metadata.MetaDataDictionary.initialize(MetaDataDictionary.java:573)
	at org.eclipse.birt.report.model.api.impl.DesignEngineImpl.ensureInitialized(DesignEngineImpl.java:96)
	at org.eclipse.birt.report.model.api.impl.DesignEngineImpl.<init>(DesignEngineImpl.java:63)
	at org.eclipse.birt.report.model.api.impl.DesignEngineFactory.createDesignEngine(DesignEngineFactory.java:34)
	at org.eclipse.birt.report.model.api.DesignEngine.<init>(DesignEngine.java:98)
	at org.eclipse.birt.report.engine.parser.ReportParser.getDesignHandle(ReportParser.java:142)
	at org.eclipse.birt.report.engine.api.impl.ReportEngineHelper.getReportDesignHandle(ReportEngineHelper.java:255)
	at org.eclipse.birt.report.engine.api.impl.ReportEngineHelper.openReportDesign(ReportEngineHelper.java:274)
	at org.eclipse.birt.report.engine.api.impl.ReportEngineHelper.openReportDesign(ReportEngineHelper.java:196)
	at org.eclipse.birt.report.engine.api.impl.ReportEngineHelper.openReportDesign(ReportEngineHelper.java:130)
	at org.eclipse.birt.report.engine.api.impl.ReportEngine.openReportDesign(ReportEngine.java:313)
	at executeReportV2.executeReport(executeReportV2.java:34)
	at printVersion$2.mouseClicked(printVersion.java:58)
	at java.awt.AWTEventMulticaster.mouseClicked(Unknown Source)
	at java.awt.Component.processMouseEvent(Unknown Source)
	at javax.swing.JComponent.processMouseEvent(Unknown Source)
	at java.awt.Component.processEvent(Unknown Source)
	at java.awt.Container.processEvent(Unknown Source)
	at java.awt.Component.dispatchEventImpl(Unknown Source)
	at java.awt.Container.dispatchEventImpl(Unknown Source)
	at java.awt.Component.dispatchEvent(Unknown Source)
	at java.awt.LightweightDispatcher.retargetMouseEvent(Unknown Source)
	at java.awt.LightweightDispatcher.processMouseEvent(Unknown Source)
	at java.awt.LightweightDispatcher.dispatchEvent(Unknown Source)
	at java.awt.Container.dispatchEventImpl(Unknown Source)
	at java.awt.Window.dispatchEventImpl(Unknown Source)
	at java.awt.Component.dispatchEvent(Unknown Source)
	at java.awt.EventQueue.dispatchEventImpl(Unknown Source)
	at java.awt.EventQueue.access$500(Unknown Source)
	at java.awt.EventQueue$3.run(Unknown Source)
	at java.awt.EventQueue$3.run(Unknown Source)
	at java.security.AccessController.doPrivileged(Native Method)
	at java.security.ProtectionDomain$JavaSecurityAccessImpl.doIntersectionPrivilege(Unknown Source)
	at java.security.ProtectionDomain$JavaSecurityAccessImpl.doIntersectionPrivilege(Unknown Source)
	at java.awt.EventQueue$4.run(Unknown Source)
	at java.awt.EventQueue$4.run(Unknown Source)
	at java.security.AccessController.doPrivileged(Native Method)
	at java.security.ProtectionDomain$JavaSecurityAccessImpl.doIntersectionPrivilege(Unknown Source)
	at java.awt.EventQueue.dispatchEvent(Unknown Source)
	at java.awt.EventDispatchThread.pumpOneEventForFilters(Unknown Source)
	at java.awt.EventDispatchThread.pumpEventsForFilter(Unknown Source)
	at java.awt.EventDispatchThread.pumpEventsForHierarchy(Unknown Source)
	at java.awt.EventDispatchThread.pumpEvents(Unknown Source)
	at java.awt.EventDispatchThread.pumpEvents(Unknown Source)
	at java.awt.EventDispatchThread.run(Unknown Source)
]
2019-04-23 22:50:36  Message [Extension loading error]
					 Exception [org.eclipse.birt.report.model.metadata.MetaDataException: Message:Duplicate extension name when adding the extension [Crosstab] to the meta-data dictionary. Error code:DUPLICATE_EXTENSION_NAME 
	at org.eclipse.birt.report.model.metadata.ExtensionManagerImpl.addExtension(ExtensionManagerImpl.java:171)
	at org.eclipse.birt.report.model.metadata.MetaDataDictionary.addExtension(MetaDataDictionary.java:910)
	at org.eclipse.birt.report.model.metadata.PeerExtensionLoader$PeerExtensionElementLoader.loadElement(PeerExtensionLoader.java:318)
	at org.eclipse.birt.report.model.metadata.PeerExtensionLoader.loadExtension(PeerExtensionLoader.java:113)
	at org.eclipse.birt.report.model.metadata.ExtensionLoader.doLoad(ExtensionLoader.java:150)
	at org.eclipse.birt.report.model.metadata.PeerExtensionLoader.doLoad(PeerExtensionLoader.java:65)
	at org.eclipse.birt.report.model.metadata.ExtensionLoader.load(ExtensionLoader.java:71)
	at org.eclipse.birt.report.model.metadata.ExtensionManagerImpl.initialize(ExtensionManagerImpl.java:100)
	at org.eclipse.birt.report.model.metadata.MetaDataDictionary.initialize(MetaDataDictionary.java:573)
	at org.eclipse.birt.report.model.api.impl.DesignEngineImpl.ensureInitialized(DesignEngineImpl.java:96)
	at org.eclipse.birt.report.model.api.impl.DesignEngineImpl.<init>(DesignEngineImpl.java:63)
	at org.eclipse.birt.report.model.api.impl.DesignEngineFactory.createDesignEngine(DesignEngineFactory.java:34)
	at org.eclipse.birt.report.model.api.DesignEngine.<init>(DesignEngine.java:98)
	at org.eclipse.birt.report.engine.parser.ReportParser.getDesignHandle(ReportParser.java:142)
	at org.eclipse.birt.report.engine.api.impl.ReportEngineHelper.getReportDesignHandle(ReportEngineHelper.java:255)
	at org.eclipse.birt.report.engine.api.impl.ReportEngineHelper.openReportDesign(ReportEngineHelper.java:274)
	at org.eclipse.birt.report.engine.api.impl.ReportEngineHelper.openReportDesign(ReportEngineHelper.java:196)
	at org.eclipse.birt.report.engine.api.impl.ReportEngineHelper.openReportDesign(ReportEngineHelper.java:130)
	at org.eclipse.birt.report.engine.api.impl.ReportEngine.openReportDesign(ReportEngine.java:313)
	at executeReportV2.executeReport(executeReportV2.java:34)
	at printVersion$2.mouseClicked(printVersion.java:58)
	at java.awt.AWTEventMulticaster.mouseClicked(Unknown Source)
	at java.awt.Component.processMouseEvent(Unknown Source)
	at javax.swing.JComponent.processMouseEvent(Unknown Source)
	at java.awt.Component.processEvent(Unknown Source)
	at java.awt.Container.processEvent(Unknown Source)
	at java.awt.Component.dispatchEventImpl(Unknown Source)
	at java.awt.Container.dispatchEventImpl(Unknown Source)
	at java.awt.Component.dispatchEvent(Unknown Source)
	at java.awt.LightweightDispatcher.retargetMouseEvent(Unknown Source)
	at java.awt.LightweightDispatcher.processMouseEvent(Unknown Source)
	at java.awt.LightweightDispatcher.dispatchEvent(Unknown Source)
	at java.awt.Container.dispatchEventImpl(Unknown Source)
	at java.awt.Window.dispatchEventImpl(Unknown Source)
	at java.awt.Component.dispatchEvent(Unknown Source)
	at java.awt.EventQueue.dispatchEventImpl(Unknown Source)
	at java.awt.EventQueue.access$500(Unknown Source)
	at java.awt.EventQueue$3.run(Unknown Source)
	at java.awt.EventQueue$3.run(Unknown Source)
	at java.security.AccessController.doPrivileged(Native Method)
	at java.security.ProtectionDomain$JavaSecurityAccessImpl.doIntersectionPrivilege(Unknown Source)
	at java.security.ProtectionDomain$JavaSecurityAccessImpl.doIntersectionPrivilege(Unknown Source)
	at java.awt.EventQueue$4.run(Unknown Source)
	at java.awt.EventQueue$4.run(Unknown Source)
	at java.security.AccessController.doPrivileged(Native Method)
	at java.security.ProtectionDomain$JavaSecurityAccessImpl.doIntersectionPrivilege(Unknown Source)
	at java.awt.EventQueue.dispatchEvent(Unknown Source)
	at java.awt.EventDispatchThread.pumpOneEventForFilters(Unknown Source)
	at java.awt.EventDispatchThread.pumpEventsForFilter(Unknown Source)
	at java.awt.EventDispatchThread.pumpEventsForHierarchy(Unknown Source)
	at java.awt.EventDispatchThread.pumpEvents(Unknown Source)
	at java.awt.EventDispatchThread.pumpEvents(Unknown Source)
	at java.awt.EventDispatchThread.run(Unknown Source)
]
2019-04-23 22:50:36  Message [Extension loading error]
					 Exception [org.eclipse.birt.report.model.metadata.MetaDataException: Message:Duplicate extension name when adding the extension [CrosstabView] to the meta-data dictionary. Error code:DUPLICATE_EXTENSION_NAME 
	at org.eclipse.birt.report.model.metadata.ExtensionManagerImpl.addExtension(ExtensionManagerImpl.java:171)
	at org.eclipse.birt.report.model.metadata.MetaDataDictionary.addExtension(MetaDataDictionary.java:910)
	at org.eclipse.birt.report.model.metadata.PeerExtensionLoader$PeerExtensionElementLoader.loadElement(PeerExtensionLoader.java:318)
	at org.eclipse.birt.report.model.metadata.PeerExtensionLoader.loadExtension(PeerExtensionLoader.java:113)
	at org.eclipse.birt.report.model.metadata.ExtensionLoader.doLoad(ExtensionLoader.java:150)
	at org.eclipse.birt.report.model.metadata.PeerExtensionLoader.doLoad(PeerExtensionLoader.java:65)
	at org.eclipse.birt.report.model.metadata.ExtensionLoader.load(ExtensionLoader.java:71)
	at org.eclipse.birt.report.model.metadata.ExtensionManagerImpl.initialize(ExtensionManagerImpl.java:100)
	at org.eclipse.birt.report.model.metadata.MetaDataDictionary.initialize(MetaDataDictionary.java:573)
	at org.eclipse.birt.report.model.api.impl.DesignEngineImpl.ensureInitialized(DesignEngineImpl.java:96)
	at org.eclipse.birt.report.model.api.impl.DesignEngineImpl.<init>(DesignEngineImpl.java:63)
	at org.eclipse.birt.report.model.api.impl.DesignEngineFactory.createDesignEngine(DesignEngineFactory.java:34)
	at org.eclipse.birt.report.model.api.DesignEngine.<init>(DesignEngine.java:98)
	at org.eclipse.birt.report.engine.parser.ReportParser.getDesignHandle(ReportParser.java:142)
	at org.eclipse.birt.report.engine.api.impl.ReportEngineHelper.getReportDesignHandle(ReportEngineHelper.java:255)
	at org.eclipse.birt.report.engine.api.impl.ReportEngineHelper.openReportDesign(ReportEngineHelper.java:274)
	at org.eclipse.birt.report.engine.api.impl.ReportEngineHelper.openReportDesign(ReportEngineHelper.java:196)
	at org.eclipse.birt.report.engine.api.impl.ReportEngineHelper.openReportDesign(ReportEngineHelper.java:130)
	at org.eclipse.birt.report.engine.api.impl.ReportEngine.openReportDesign(ReportEngine.java:313)
	at executeReportV2.executeReport(executeReportV2.java:34)
	at printVersion$2.mouseClicked(printVersion.java:58)
	at java.awt.AWTEventMulticaster.mouseClicked(Unknown Source)
	at java.awt.Component.processMouseEvent(Unknown Source)
	at javax.swing.JComponent.processMouseEvent(Unknown Source)
	at java.awt.Component.processEvent(Unknown Source)
	at java.awt.Container.processEvent(Unknown Source)
	at java.awt.Component.dispatchEventImpl(Unknown Source)
	at java.awt.Container.dispatchEventImpl(Unknown Source)
	at java.awt.Component.dispatchEvent(Unknown Source)
	at java.awt.LightweightDispatcher.retargetMouseEvent(Unknown Source)
	at java.awt.LightweightDispatcher.processMouseEvent(Unknown Source)
	at java.awt.LightweightDispatcher.dispatchEvent(Unknown Source)
	at java.awt.Container.dispatchEventImpl(Unknown Source)
	at java.awt.Window.dispatchEventImpl(Unknown Source)
	at java.awt.Component.dispatchEvent(Unknown Source)
	at java.awt.EventQueue.dispatchEventImpl(Unknown Source)
	at java.awt.EventQueue.access$500(Unknown Source)
	at java.awt.EventQueue$3.run(Unknown Source)
	at java.awt.EventQueue$3.run(Unknown Source)
	at java.security.AccessController.doPrivileged(Native Method)
	at java.security.ProtectionDomain$JavaSecurityAccessImpl.doIntersectionPrivilege(Unknown Source)
	at java.security.ProtectionDomain$JavaSecurityAccessImpl.doIntersectionPrivilege(Unknown Source)
	at java.awt.EventQueue$4.run(Unknown Source)
	at java.awt.EventQueue$4.run(Unknown Source)
	at java.security.AccessController.doPrivileged(Native Method)
	at java.security.ProtectionDomain$JavaSecurityAccessImpl.doIntersectionPrivilege(Unknown Source)
	at java.awt.EventQueue.dispatchEvent(Unknown Source)
	at java.awt.EventDispatchThread.pumpOneEventForFilters(Unknown Source)
	at java.awt.EventDispatchThread.pumpEventsForFilter(Unknown Source)
	at java.awt.EventDispatchThread.pumpEventsForHierarchy(Unknown Source)
	at java.awt.EventDispatchThread.pumpEvents(Unknown Source)
	at java.awt.EventDispatchThread.pumpEvents(Unknown Source)
	at java.awt.EventDispatchThread.run(Unknown Source)
]
2019-04-23 22:50:36  Message [Extension loading error]
					 Exception [org.eclipse.birt.report.model.metadata.MetaDataException: Message:Duplicate extension name when adding the extension [DimensionView] to the meta-data dictionary. Error code:DUPLICATE_EXTENSION_NAME 
	at org.eclipse.birt.report.model.metadata.ExtensionManagerImpl.addExtension(ExtensionManagerImpl.java:171)
	at org.eclipse.birt.report.model.metadata.MetaDataDictionary.addExtension(MetaDataDictionary.java:910)
	at org.eclipse.birt.report.model.metadata.PeerExtensionLoader$PeerExtensionElementLoader.loadElement(PeerExtensionLoader.java:318)
	at org.eclipse.birt.report.model.metadata.PeerExtensionLoader.loadExtension(PeerExtensionLoader.java:113)
	at org.eclipse.birt.report.model.metadata.ExtensionLoader.doLoad(ExtensionLoader.java:150)
	at org.eclipse.birt.report.model.metadata.PeerExtensionLoader.doLoad(PeerExtensionLoader.java:65)
	at org.eclipse.birt.report.model.metadata.ExtensionLoader.load(ExtensionLoader.java:71)
	at org.eclipse.birt.report.model.metadata.ExtensionManagerImpl.initialize(ExtensionManagerImpl.java:100)
	at org.eclipse.birt.report.model.metadata.MetaDataDictionary.initialize(MetaDataDictionary.java:573)
	at org.eclipse.birt.report.model.api.impl.DesignEngineImpl.ensureInitialized(DesignEngineImpl.java:96)
	at org.eclipse.birt.report.model.api.impl.DesignEngineImpl.<init>(DesignEngineImpl.java:63)
	at org.eclipse.birt.report.model.api.impl.DesignEngineFactory.createDesignEngine(DesignEngineFactory.java:34)
	at org.eclipse.birt.report.model.api.DesignEngine.<init>(DesignEngine.java:98)
	at org.eclipse.birt.report.engine.parser.ReportParser.getDesignHandle(ReportParser.java:142)
	at org.eclipse.birt.report.engine.api.impl.ReportEngineHelper.getReportDesignHandle(ReportEngineHelper.java:255)
	at org.eclipse.birt.report.engine.api.impl.ReportEngineHelper.openReportDesign(ReportEngineHelper.java:274)
	at org.eclipse.birt.report.engine.api.impl.ReportEngineHelper.openReportDesign(ReportEngineHelper.java:196)
	at org.eclipse.birt.report.engine.api.impl.ReportEngineHelper.openReportDesign(ReportEngineHelper.java:130)
	at org.eclipse.birt.report.engine.api.impl.ReportEngine.openReportDesign(ReportEngine.java:313)
	at executeReportV2.executeReport(executeReportV2.java:34)
	at printVersion$2.mouseClicked(printVersion.java:58)
	at java.awt.AWTEventMulticaster.mouseClicked(Unknown Source)
	at java.awt.Component.processMouseEvent(Unknown Source)
	at javax.swing.JComponent.processMouseEvent(Unknown Source)
	at java.awt.Component.processEvent(Unknown Source)
	at java.awt.Container.processEvent(Unknown Source)
	at java.awt.Component.dispatchEventImpl(Unknown Source)
	at java.awt.Container.dispatchEventImpl(Unknown Source)
	at java.awt.Component.dispatchEvent(Unknown Source)
	at java.awt.LightweightDispatcher.retargetMouseEvent(Unknown Source)
	at java.awt.LightweightDispatcher.processMouseEvent(Unknown Source)
	at java.awt.LightweightDispatcher.dispatchEvent(Unknown Source)
	at java.awt.Container.dispatchEventImpl(Unknown Source)
	at java.awt.Window.dispatchEventImpl(Unknown Source)
	at java.awt.Component.dispatchEvent(Unknown Source)
	at java.awt.EventQueue.dispatchEventImpl(Unknown Source)
	at java.awt.EventQueue.access$500(Unknown Source)
	at java.awt.EventQueue$3.run(Unknown Source)
	at java.awt.EventQueue$3.run(Unknown Source)
	at java.security.AccessController.doPrivileged(Native Method)
	at java.security.ProtectionDomain$JavaSecurityAccessImpl.doIntersectionPrivilege(Unknown Source)
	at java.security.ProtectionDomain$JavaSecurityAccessImpl.doIntersectionPrivilege(Unknown Source)
	at java.awt.EventQueue$4.run(Unknown Source)
	at java.awt.EventQueue$4.run(Unknown Source)
	at java.security.AccessController.doPrivileged(Native Method)
	at java.security.ProtectionDomain$JavaSecurityAccessImpl.doIntersectionPrivilege(Unknown Source)
	at java.awt.EventQueue.dispatchEvent(Unknown Source)
	at java.awt.EventDispatchThread.pumpOneEventForFilters(Unknown Source)
	at java.awt.EventDispatchThread.pumpEventsForFilter(Unknown Source)
	at java.awt.EventDispatchThread.pumpEventsForHierarchy(Unknown Source)
	at java.awt.EventDispatchThread.pumpEvents(Unknown Source)
	at java.awt.EventDispatchThread.pumpEvents(Unknown Source)
	at java.awt.EventDispatchThread.run(Unknown Source)
]
2019-04-23 22:50:36  Message [Extension loading error]
					 Exception [org.eclipse.birt.report.model.metadata.MetaDataException: Message:Duplicate extension name when adding the extension [LevelView] to the meta-data dictionary. Error code:DUPLICATE_EXTENSION_NAME 
	at org.eclipse.birt.report.model.metadata.ExtensionManagerImpl.addExtension(ExtensionManagerImpl.java:171)
	at org.eclipse.birt.report.model.metadata.MetaDataDictionary.addExtension(MetaDataDictionary.java:910)
	at org.eclipse.birt.report.model.metadata.PeerExtensionLoader$PeerExtensionElementLoader.loadElement(PeerExtensionLoader.java:318)
	at org.eclipse.birt.report.model.metadata.PeerExtensionLoader.loadExtension(PeerExtensionLoader.java:113)
	at org.eclipse.birt.report.model.metadata.ExtensionLoader.doLoad(ExtensionLoader.java:150)
	at org.eclipse.birt.report.model.metadata.PeerExtensionLoader.doLoad(PeerExtensionLoader.java:65)
	at org.eclipse.birt.report.model.metadata.ExtensionLoader.load(ExtensionLoader.java:71)
	at org.eclipse.birt.report.model.metadata.ExtensionManagerImpl.initialize(ExtensionManagerImpl.java:100)
	at org.eclipse.birt.report.model.metadata.MetaDataDictionary.initialize(MetaDataDictionary.java:573)
	at org.eclipse.birt.report.model.api.impl.DesignEngineImpl.ensureInitialized(DesignEngineImpl.java:96)
	at org.eclipse.birt.report.model.api.impl.DesignEngineImpl.<init>(DesignEngineImpl.java:63)
	at org.eclipse.birt.report.model.api.impl.DesignEngineFactory.createDesignEngine(DesignEngineFactory.java:34)
	at org.eclipse.birt.report.model.api.DesignEngine.<init>(DesignEngine.java:98)
	at org.eclipse.birt.report.engine.parser.ReportParser.getDesignHandle(ReportParser.java:142)
	at org.eclipse.birt.report.engine.api.impl.ReportEngineHelper.getReportDesignHandle(ReportEngineHelper.java:255)
	at org.eclipse.birt.report.engine.api.impl.ReportEngineHelper.openReportDesign(ReportEngineHelper.java:274)
	at org.eclipse.birt.report.engine.api.impl.ReportEngineHelper.openReportDesign(ReportEngineHelper.java:196)
	at org.eclipse.birt.report.engine.api.impl.ReportEngineHelper.openReportDesign(ReportEngineHelper.java:130)
	at org.eclipse.birt.report.engine.api.impl.ReportEngine.openReportDesign(ReportEngine.java:313)
	at executeReportV2.executeReport(executeReportV2.java:34)
	at printVersion$2.mouseClicked(printVersion.java:58)
	at java.awt.AWTEventMulticaster.mouseClicked(Unknown Source)
	at java.awt.Component.processMouseEvent(Unknown Source)
	at javax.swing.JComponent.processMouseEvent(Unknown Source)
	at java.awt.Component.processEvent(Unknown Source)
	at java.awt.Container.processEvent(Unknown Source)
	at java.awt.Component.dispatchEventImpl(Unknown Source)
	at java.awt.Container.dispatchEventImpl(Unknown Source)
	at java.awt.Component.dispatchEvent(Unknown Source)
	at java.awt.LightweightDispatcher.retargetMouseEvent(Unknown Source)
	at java.awt.LightweightDispatcher.processMouseEvent(Unknown Source)
	at java.awt.LightweightDispatcher.dispatchEvent(Unknown Source)
	at java.awt.Container.dispatchEventImpl(Unknown Source)
	at java.awt.Window.dispatchEventImpl(Unknown Source)
	at java.awt.Component.dispatchEvent(Unknown Source)
	at java.awt.EventQueue.dispatchEventImpl(Unknown Source)
	at java.awt.EventQueue.access$500(Unknown Source)
	at java.awt.EventQueue$3.run(Unknown Source)
	at java.awt.EventQueue$3.run(Unknown Source)
	at java.security.AccessController.doPrivileged(Native Method)
	at java.security.ProtectionDomain$JavaSecurityAccessImpl.doIntersectionPrivilege(Unknown Source)
	at java.security.ProtectionDomain$JavaSecurityAccessImpl.doIntersectionPrivilege(Unknown Source)
	at java.awt.EventQueue$4.run(Unknown Source)
	at java.awt.EventQueue$4.run(Unknown Source)
	at java.security.AccessController.doPrivileged(Native Method)
	at java.security.ProtectionDomain$JavaSecurityAccessImpl.doIntersectionPrivilege(Unknown Source)
	at java.awt.EventQueue.dispatchEvent(Unknown Source)
	at java.awt.EventDispatchThread.pumpOneEventForFilters(Unknown Source)
	at java.awt.EventDispatchThread.pumpEventsForFilter(Unknown Source)
	at java.awt.EventDispatchThread.pumpEventsForHierarchy(Unknown Source)
	at java.awt.EventDispatchThread.pumpEvents(Unknown Source)
	at java.awt.EventDispatchThread.pumpEvents(Unknown Source)
	at java.awt.EventDispatchThread.run(Unknown Source)
]
2019-04-23 22:50:36  Message [Extension loading error]
					 Exception [org.eclipse.birt.report.model.metadata.MetaDataException: Message:Duplicate extension name when adding the extension [MeasureView] to the meta-data dictionary. Error code:DUPLICATE_EXTENSION_NAME 
	at org.eclipse.birt.report.model.metadata.ExtensionManagerImpl.addExtension(ExtensionManagerImpl.java:171)
	at org.eclipse.birt.report.model.metadata.MetaDataDictionary.addExtension(MetaDataDictionary.java:910)
	at org.eclipse.birt.report.model.metadata.PeerExtensionLoader$PeerExtensionElementLoader.loadElement(PeerExtensionLoader.java:318)
	at org.eclipse.birt.report.model.metadata.PeerExtensionLoader.loadExtension(PeerExtensionLoader.java:113)
	at org.eclipse.birt.report.model.metadata.ExtensionLoader.doLoad(ExtensionLoader.java:150)
	at org.eclipse.birt.report.model.metadata.PeerExtensionLoader.doLoad(PeerExtensionLoader.java:65)
	at org.eclipse.birt.report.model.metadata.ExtensionLoader.load(ExtensionLoader.java:71)
	at org.eclipse.birt.report.model.metadata.ExtensionManagerImpl.initialize(ExtensionManagerImpl.java:100)
	at org.eclipse.birt.report.model.metadata.MetaDataDictionary.initialize(MetaDataDictionary.java:573)
	at org.eclipse.birt.report.model.api.impl.DesignEngineImpl.ensureInitialized(DesignEngineImpl.java:96)
	at org.eclipse.birt.report.model.api.impl.DesignEngineImpl.<init>(DesignEngineImpl.java:63)
	at org.eclipse.birt.report.model.api.impl.DesignEngineFactory.createDesignEngine(DesignEngineFactory.java:34)
	at org.eclipse.birt.report.model.api.DesignEngine.<init>(DesignEngine.java:98)
	at org.eclipse.birt.report.engine.parser.ReportParser.getDesignHandle(ReportParser.java:142)
	at org.eclipse.birt.report.engine.api.impl.ReportEngineHelper.getReportDesignHandle(ReportEngineHelper.java:255)
	at org.eclipse.birt.report.engine.api.impl.ReportEngineHelper.openReportDesign(ReportEngineHelper.java:274)
	at org.eclipse.birt.report.engine.api.impl.ReportEngineHelper.openReportDesign(ReportEngineHelper.java:196)
	at org.eclipse.birt.report.engine.api.impl.ReportEngineHelper.openReportDesign(ReportEngineHelper.java:130)
	at org.eclipse.birt.report.engine.api.impl.ReportEngine.openReportDesign(ReportEngine.java:313)
	at executeReportV2.executeReport(executeReportV2.java:34)
	at printVersion$2.mouseClicked(printVersion.java:58)
	at java.awt.AWTEventMulticaster.mouseClicked(Unknown Source)
	at java.awt.Component.processMouseEvent(Unknown Source)
	at javax.swing.JComponent.processMouseEvent(Unknown Source)
	at java.awt.Component.processEvent(Unknown Source)
	at java.awt.Container.processEvent(Unknown Source)
	at java.awt.Component.dispatchEventImpl(Unknown Source)
	at java.awt.Container.dispatchEventImpl(Unknown Source)
	at java.awt.Component.dispatchEvent(Unknown Source)
	at java.awt.LightweightDispatcher.retargetMouseEvent(Unknown Source)
	at java.awt.LightweightDispatcher.processMouseEvent(Unknown Source)
	at java.awt.LightweightDispatcher.dispatchEvent(Unknown Source)
	at java.awt.Container.dispatchEventImpl(Unknown Source)
	at java.awt.Window.dispatchEventImpl(Unknown Source)
	at java.awt.Component.dispatchEvent(Unknown Source)
	at java.awt.EventQueue.dispatchEventImpl(Unknown Source)
	at java.awt.EventQueue.access$500(Unknown Source)
	at java.awt.EventQueue$3.run(Unknown Source)
	at java.awt.EventQueue$3.run(Unknown Source)
	at java.security.AccessController.doPrivileged(Native Method)
	at java.security.ProtectionDomain$JavaSecurityAccessImpl.doIntersectionPrivilege(Unknown Source)
	at java.security.ProtectionDomain$JavaSecurityAccessImpl.doIntersectionPrivilege(Unknown Source)
	at java.awt.EventQueue$4.run(Unknown Source)
	at java.awt.EventQueue$4.run(Unknown Source)
	at java.security.AccessController.doPrivileged(Native Method)
	at java.security.ProtectionDomain$JavaSecurityAccessImpl.doIntersectionPrivilege(Unknown Source)
	at java.awt.EventQueue.dispatchEvent(Unknown Source)
	at java.awt.EventDispatchThread.pumpOneEventForFilters(Unknown Source)
	at java.awt.EventDispatchThread.pumpEventsForFilter(Unknown Source)
	at java.awt.EventDispatchThread.pumpEventsForHierarchy(Unknown Source)
	at java.awt.EventDispatchThread.pumpEvents(Unknown Source)
	at java.awt.EventDispatchThread.pumpEvents(Unknown Source)
	at java.awt.EventDispatchThread.run(Unknown Source)
]
2019-04-23 22:50:36  Message [Extension loading error]
					 Exception [org.eclipse.birt.report.model.metadata.MetaDataException: Message:Duplicate extension name when adding the extension [ComputedMeasureView] to the meta-data dictionary. Error code:DUPLICATE_EXTENSION_NAME 
	at org.eclipse.birt.report.model.metadata.ExtensionManagerImpl.addExtension(ExtensionManagerImpl.java:171)
	at org.eclipse.birt.report.model.metadata.MetaDataDictionary.addExtension(MetaDataDictionary.java:910)
	at org.eclipse.birt.report.model.metadata.PeerExtensionLoader$PeerExtensionElementLoader.loadElement(PeerExtensionLoader.java:318)
	at org.eclipse.birt.report.model.metadata.PeerExtensionLoader.loadExtension(PeerExtensionLoader.java:113)
	at org.eclipse.birt.report.model.metadata.ExtensionLoader.doLoad(ExtensionLoader.java:150)
	at org.eclipse.birt.report.model.metadata.PeerExtensionLoader.doLoad(PeerExtensionLoader.java:65)
	at org.eclipse.birt.report.model.metadata.ExtensionLoader.load(ExtensionLoader.java:71)
	at org.eclipse.birt.report.model.metadata.ExtensionManagerImpl.initialize(ExtensionManagerImpl.java:100)
	at org.eclipse.birt.report.model.metadata.MetaDataDictionary.initialize(MetaDataDictionary.java:573)
	at org.eclipse.birt.report.model.api.impl.DesignEngineImpl.ensureInitialized(DesignEngineImpl.java:96)
	at org.eclipse.birt.report.model.api.impl.DesignEngineImpl.<init>(DesignEngineImpl.java:63)
	at org.eclipse.birt.report.model.api.impl.DesignEngineFactory.createDesignEngine(DesignEngineFactory.java:34)
	at org.eclipse.birt.report.model.api.DesignEngine.<init>(DesignEngine.java:98)
	at org.eclipse.birt.report.engine.parser.ReportParser.getDesignHandle(ReportParser.java:142)
	at org.eclipse.birt.report.engine.api.impl.ReportEngineHelper.getReportDesignHandle(ReportEngineHelper.java:255)
	at org.eclipse.birt.report.engine.api.impl.ReportEngineHelper.openReportDesign(ReportEngineHelper.java:274)
	at org.eclipse.birt.report.engine.api.impl.ReportEngineHelper.openReportDesign(ReportEngineHelper.java:196)
	at org.eclipse.birt.report.engine.api.impl.ReportEngineHelper.openReportDesign(ReportEngineHelper.java:130)
	at org.eclipse.birt.report.engine.api.impl.ReportEngine.openReportDesign(ReportEngine.java:313)
	at executeReportV2.executeReport(executeReportV2.java:34)
	at printVersion$2.mouseClicked(printVersion.java:58)
	at java.awt.AWTEventMulticaster.mouseClicked(Unknown Source)
	at java.awt.Component.processMouseEvent(Unknown Source)
	at javax.swing.JComponent.processMouseEvent(Unknown Source)
	at java.awt.Component.processEvent(Unknown Source)
	at java.awt.Container.processEvent(Unknown Source)
	at java.awt.Component.dispatchEventImpl(Unknown Source)
	at java.awt.Container.dispatchEventImpl(Unknown Source)
	at java.awt.Component.dispatchEvent(Unknown Source)
	at java.awt.LightweightDispatcher.retargetMouseEvent(Unknown Source)
	at java.awt.LightweightDispatcher.processMouseEvent(Unknown Source)
	at java.awt.LightweightDispatcher.dispatchEvent(Unknown Source)
	at java.awt.Container.dispatchEventImpl(Unknown Source)
	at java.awt.Window.dispatchEventImpl(Unknown Source)
	at java.awt.Component.dispatchEvent(Unknown Source)
	at java.awt.EventQueue.dispatchEventImpl(Unknown Source)
	at java.awt.EventQueue.access$500(Unknown Source)
	at java.awt.EventQueue$3.run(Unknown Source)
	at java.awt.EventQueue$3.run(Unknown Source)
	at java.security.AccessController.doPrivileged(Native Method)
	at java.security.ProtectionDomain$JavaSecurityAccessImpl.doIntersectionPrivilege(Unknown Source)
	at java.security.ProtectionDomain$JavaSecurityAccessImpl.doIntersectionPrivilege(Unknown Source)
	at java.awt.EventQueue$4.run(Unknown Source)
	at java.awt.EventQueue$4.run(Unknown Source)
	at java.security.AccessController.doPrivileged(Native Method)
	at java.security.ProtectionDomain$JavaSecurityAccessImpl.doIntersectionPrivilege(Unknown Source)
	at java.awt.EventQueue.dispatchEvent(Unknown Source)
	at java.awt.EventDispatchThread.pumpOneEventForFilters(Unknown Source)
	at java.awt.EventDispatchThread.pumpEventsForFilter(Unknown Source)
	at java.awt.EventDispatchThread.pumpEventsForHierarchy(Unknown Source)
	at java.awt.EventDispatchThread.pumpEvents(Unknown Source)
	at java.awt.EventDispatchThread.pumpEvents(Unknown Source)
	at java.awt.EventDispatchThread.run(Unknown Source)
]
2019-04-23 22:50:36  Message [Extension loading error]
					 Exception [org.eclipse.birt.report.model.metadata.MetaDataException: Message:Duplicate extension name when adding the extension [CrosstabCell] to the meta-data dictionary. Error code:DUPLICATE_EXTENSION_NAME 
	at org.eclipse.birt.report.model.metadata.ExtensionManagerImpl.addExtension(ExtensionManagerImpl.java:171)
	at org.eclipse.birt.report.model.metadata.MetaDataDictionary.addExtension(MetaDataDictionary.java:910)
	at org.eclipse.birt.report.model.metadata.PeerExtensionLoader$PeerExtensionElementLoader.loadElement(PeerExtensionLoader.java:318)
	at org.eclipse.birt.report.model.metadata.PeerExtensionLoader.loadExtension(PeerExtensionLoader.java:113)
	at org.eclipse.birt.report.model.metadata.ExtensionLoader.doLoad(ExtensionLoader.java:150)
	at org.eclipse.birt.report.model.metadata.PeerExtensionLoader.doLoad(PeerExtensionLoader.java:65)
	at org.eclipse.birt.report.model.metadata.ExtensionLoader.load(ExtensionLoader.java:71)
	at org.eclipse.birt.report.model.metadata.ExtensionManagerImpl.initialize(ExtensionManagerImpl.java:100)
	at org.eclipse.birt.report.model.metadata.MetaDataDictionary.initialize(MetaDataDictionary.java:573)
	at org.eclipse.birt.report.model.api.impl.DesignEngineImpl.ensureInitialized(DesignEngineImpl.java:96)
	at org.eclipse.birt.report.model.api.impl.DesignEngineImpl.<init>(DesignEngineImpl.java:63)
	at org.eclipse.birt.report.model.api.impl.DesignEngineFactory.createDesignEngine(DesignEngineFactory.java:34)
	at org.eclipse.birt.report.model.api.DesignEngine.<init>(DesignEngine.java:98)
	at org.eclipse.birt.report.engine.parser.ReportParser.getDesignHandle(ReportParser.java:142)
	at org.eclipse.birt.report.engine.api.impl.ReportEngineHelper.getReportDesignHandle(ReportEngineHelper.java:255)
	at org.eclipse.birt.report.engine.api.impl.ReportEngineHelper.openReportDesign(ReportEngineHelper.java:274)
	at org.eclipse.birt.report.engine.api.impl.ReportEngineHelper.openReportDesign(ReportEngineHelper.java:196)
	at org.eclipse.birt.report.engine.api.impl.ReportEngineHelper.openReportDesign(ReportEngineHelper.java:130)
	at org.eclipse.birt.report.engine.api.impl.ReportEngine.openReportDesign(ReportEngine.java:313)
	at executeReportV2.executeReport(executeReportV2.java:34)
	at printVersion$2.mouseClicked(printVersion.java:58)
	at java.awt.AWTEventMulticaster.mouseClicked(Unknown Source)
	at java.awt.Component.processMouseEvent(Unknown Source)
	at javax.swing.JComponent.processMouseEvent(Unknown Source)
	at java.awt.Component.processEvent(Unknown Source)
	at java.awt.Container.processEvent(Unknown Source)
	at java.awt.Component.dispatchEventImpl(Unknown Source)
	at java.awt.Container.dispatchEventImpl(Unknown Source)
	at java.awt.Component.dispatchEvent(Unknown Source)
	at java.awt.LightweightDispatcher.retargetMouseEvent(Unknown Source)
	at java.awt.LightweightDispatcher.processMouseEvent(Unknown Source)
	at java.awt.LightweightDispatcher.dispatchEvent(Unknown Source)
	at java.awt.Container.dispatchEventImpl(Unknown Source)
	at java.awt.Window.dispatchEventImpl(Unknown Source)
	at java.awt.Component.dispatchEvent(Unknown Source)
	at java.awt.EventQueue.dispatchEventImpl(Unknown Source)
	at java.awt.EventQueue.access$500(Unknown Source)
	at java.awt.EventQueue$3.run(Unknown Source)
	at java.awt.EventQueue$3.run(Unknown Source)
	at java.security.AccessController.doPrivileged(Native Method)
	at java.security.ProtectionDomain$JavaSecurityAccessImpl.doIntersectionPrivilege(Unknown Source)
	at java.security.ProtectionDomain$JavaSecurityAccessImpl.doIntersectionPrivilege(Unknown Source)
	at java.awt.EventQueue$4.run(Unknown Source)
	at java.awt.EventQueue$4.run(Unknown Source)
	at java.security.AccessController.doPrivileged(Native Method)
	at java.security.ProtectionDomain$JavaSecurityAccessImpl.doIntersectionPrivilege(Unknown Source)
	at java.awt.EventQueue.dispatchEvent(Unknown Source)
	at java.awt.EventDispatchThread.pumpOneEventForFilters(Unknown Source)
	at java.awt.EventDispatchThread.pumpEventsForFilter(Unknown Source)
	at java.awt.EventDispatchThread.pumpEventsForHierarchy(Unknown Source)
	at java.awt.EventDispatchThread.pumpEvents(Unknown Source)
	at java.awt.EventDispatchThread.pumpEvents(Unknown Source)
	at java.awt.EventDispatchThread.run(Unknown Source)
]
2019-04-23 22:50:36  Message [Extension loading error]
					 Exception [org.eclipse.birt.report.model.metadata.MetaDataException: Message:Duplicate extension name when adding the extension [AggregationCell] to the meta-data dictionary. Error code:DUPLICATE_EXTENSION_NAME 
	at org.eclipse.birt.report.model.metadata.ExtensionManagerImpl.addExtension(ExtensionManagerImpl.java:171)
	at org.eclipse.birt.report.model.metadata.MetaDataDictionary.addExtension(MetaDataDictionary.java:910)
	at org.eclipse.birt.report.model.metadata.PeerExtensionLoader$PeerExtensionElementLoader.loadElement(PeerExtensionLoader.java:318)
	at org.eclipse.birt.report.model.metadata.PeerExtensionLoader.loadExtension(PeerExtensionLoader.java:113)
	at org.eclipse.birt.report.model.metadata.ExtensionLoader.doLoad(ExtensionLoader.java:150)
	at org.eclipse.birt.report.model.metadata.PeerExtensionLoader.doLoad(PeerExtensionLoader.java:65)
	at org.eclipse.birt.report.model.metadata.ExtensionLoader.load(ExtensionLoader.java:71)
	at org.eclipse.birt.report.model.metadata.ExtensionManagerImpl.initialize(ExtensionManagerImpl.java:100)
	at org.eclipse.birt.report.model.metadata.MetaDataDictionary.initialize(MetaDataDictionary.java:573)
	at org.eclipse.birt.report.model.api.impl.DesignEngineImpl.ensureInitialized(DesignEngineImpl.java:96)
	at org.eclipse.birt.report.model.api.impl.DesignEngineImpl.<init>(DesignEngineImpl.java:63)
	at org.eclipse.birt.report.model.api.impl.DesignEngineFactory.createDesignEngine(DesignEngineFactory.java:34)
	at org.eclipse.birt.report.model.api.DesignEngine.<init>(DesignEngine.java:98)
	at org.eclipse.birt.report.engine.parser.ReportParser.getDesignHandle(ReportParser.java:142)
	at org.eclipse.birt.report.engine.api.impl.ReportEngineHelper.getReportDesignHandle(ReportEngineHelper.java:255)
	at org.eclipse.birt.report.engine.api.impl.ReportEngineHelper.openReportDesign(ReportEngineHelper.java:274)
	at org.eclipse.birt.report.engine.api.impl.ReportEngineHelper.openReportDesign(ReportEngineHelper.java:196)
	at org.eclipse.birt.report.engine.api.impl.ReportEngineHelper.openReportDesign(ReportEngineHelper.java:130)
	at org.eclipse.birt.report.engine.api.impl.ReportEngine.openReportDesign(ReportEngine.java:313)
	at executeReportV2.executeReport(executeReportV2.java:34)
	at printVersion$2.mouseClicked(printVersion.java:58)
	at java.awt.AWTEventMulticaster.mouseClicked(Unknown Source)
	at java.awt.Component.processMouseEvent(Unknown Source)
	at javax.swing.JComponent.processMouseEvent(Unknown Source)
	at java.awt.Component.processEvent(Unknown Source)
	at java.awt.Container.processEvent(Unknown Source)
	at java.awt.Component.dispatchEventImpl(Unknown Source)
	at java.awt.Container.dispatchEventImpl(Unknown Source)
	at java.awt.Component.dispatchEvent(Unknown Source)
	at java.awt.LightweightDispatcher.retargetMouseEvent(Unknown Source)
	at java.awt.LightweightDispatcher.processMouseEvent(Unknown Source)
	at java.awt.LightweightDispatcher.dispatchEvent(Unknown Source)
	at java.awt.Container.dispatchEventImpl(Unknown Source)
	at java.awt.Window.dispatchEventImpl(Unknown Source)
	at java.awt.Component.dispatchEvent(Unknown Source)
	at java.awt.EventQueue.dispatchEventImpl(Unknown Source)
	at java.awt.EventQueue.access$500(Unknown Source)
	at java.awt.EventQueue$3.run(Unknown Source)
	at java.awt.EventQueue$3.run(Unknown Source)
	at java.security.AccessController.doPrivileged(Native Method)
	at java.security.ProtectionDomain$JavaSecurityAccessImpl.doIntersectionPrivilege(Unknown Source)
	at java.security.ProtectionDomain$JavaSecurityAccessImpl.doIntersectionPrivilege(Unknown Source)
	at java.awt.EventQueue$4.run(Unknown Source)
	at java.awt.EventQueue$4.run(Unknown Source)
	at java.security.AccessController.doPrivileged(Native Method)
	at java.security.ProtectionDomain$JavaSecurityAccessImpl.doIntersectionPrivilege(Unknown Source)
	at java.awt.EventQueue.dispatchEvent(Unknown Source)
	at java.awt.EventDispatchThread.pumpOneEventForFilters(Unknown Source)
	at java.awt.EventDispatchThread.pumpEventsForFilter(Unknown Source)
	at java.awt.EventDispatchThread.pumpEventsForHierarchy(Unknown Source)
	at java.awt.EventDispatchThread.pumpEvents(Unknown Source)
	at java.awt.EventDispatchThread.pumpEvents(Unknown Source)
	at java.awt.EventDispatchThread.run(Unknown Source)
]
